[Sat Aug 28 16:52:22 2021]
succeed to connect the server!
[Sat Aug 28 16:52:23 2021]
succeed sending msg to the server!
[Sat Aug 28 16:52:26 2021]
succeed sending msg to the server!
[Sat Aug 28 17:19:25 2021]
succeed to connect the server!
[Sat Aug 28 17:19:25 2021]
succeed sending msg to the server!
[Sat Aug 28 17:19:25 2021]
succeed sending msg to the server!
[Sat Aug 28 17:19:25 2021]
succeed sending msg to the server!
[Sat Aug 28 17:19:27 2021]
succeed sending msg to the server!
[Sat Aug 28 17:19:29 2021]
succeed sending msg to the server!
[Sat Aug 28 17:19:31 2021]
succeed sending msg to the server!
[Sat Aug 28 17:19:32 2021]
succeed sending msg to the server!
[Sat Aug 28 17:19:35 2021]
succeed sending msg to the server!
[Sat Aug 28 17:19:36 2021]
succeed sending msg to the server!
[Sat Aug 28 17:19:38 2021]
succeed sending msg to the server!
[Sat Aug 28 17:19:40 2021]
succeed sending msg to the server!
[Sat Aug 28 17:19:42 2021]
succeed sending msg to the server!
[Sat Aug 28 17:19:43 2021]
succeed sending msg to the server!
[Sat Aug 28 17:19:45 2021]
succeed sending msg to the server!
[Sat Aug 28 17:19:47 2021]
succeed sending msg to the server!
[Sat Aug 28 17:19:49 2021]
succeed sending msg to the server!
[Sat Aug 28 17:19:50 2021]
succeed sending msg to the server!
[Sat Aug 28 17:19:52 2021]
succeed sending msg to the server!
[Sat Aug 28 17:19:54 2021]
succeed sending msg to the server!
[Sat Aug 28 17:19:56 2021]
succeed sending msg to the server!
[Sat Aug 28 17:19:58 2021]
succeed sending msg to the server!
[Sat Aug 28 17:20:00 2021]
succeed sending msg to the server!
[Sat Aug 28 17:20:01 2021]
succeed sending msg to the server!
[Sat Aug 28 17:20:03 2021]
succeed sending msg to the server!
[Sat Aug 28 17:20:05 2021]
succeed sending msg to the server!
[Sat Aug 28 17:20:07 2021]
succeed sending msg to the server!
[Sat Aug 28 17:20:08 2021]
succeed sending msg to the server!
[Sat Aug 28 17:20:10 2021]
succeed sending msg to the server!
[Sat Aug 28 17:20:12 2021]
succeed sending msg to the server!
[Sat Aug 28 17:20:14 2021]
succeed sending msg to the server!
[Sat Aug 28 17:20:15 2021]
succeed sending msg to the server!
[Sat Aug 28 17:20:18 2021]
succeed sending msg to the server!
[Sat Aug 28 17:20:19 2021]
succeed sending msg to the server!
[Sat Aug 28 17:20:21 2021]
succeed sending msg to the server!
[Sat Aug 28 17:20:23 2021]
succeed sending msg to the server!
[Sat Aug 28 17:20:25 2021]
succeed sending msg to the server!
[Sat Aug 28 17:20:26 2021]
succeed sending msg to the server!
[Sat Aug 28 17:20:28 2021]
succeed sending msg to the server!
[Sat Aug 28 17:20:30 2021]
succeed sending msg to the server!
[Sat Aug 28 17:20:32 2021]
succeed sending msg to the server!
[Sat Aug 28 17:20:33 2021]
succeed sending msg to the server!
[Sat Aug 28 17:20:35 2021]
succeed sending msg to the server!
[Sat Aug 28 17:20:37 2021]
succeed sending msg to the server!
[Sat Aug 28 17:20:39 2021]
succeed sending msg to the server!
[Sat Aug 28 17:20:41 2021]
succeed sending msg to the server!
[Sat Aug 28 17:20:43 2021]
succeed sending msg to the server!
[Sat Aug 28 17:20:44 2021]
succeed sending msg to the server!
[Sat Aug 28 17:20:46 2021]
succeed sending msg to the server!
[Sat Aug 28 17:20:48 2021]
succeed sending msg to the server!
[Sat Aug 28 17:20:50 2021]
succeed sending msg to the server!
[Sat Aug 28 17:20:51 2021]
succeed sending msg to the server!
[Sat Aug 28 17:20:53 2021]
succeed sending msg to the server!
[Sat Aug 28 17:20:55 2021]
succeed sending msg to the server!
[Sat Aug 28 17:20:57 2021]
succeed sending msg to the server!
[Sat Aug 28 17:20:58 2021]
succeed sending msg to the server!
[Sat Aug 28 17:21:01 2021]
succeed sending msg to the server!
[Sat Aug 28 17:21:02 2021]
succeed sending msg to the server!
[Sat Aug 28 17:21:04 2021]
succeed sending msg to the server!
[Sat Aug 28 17:21:06 2021]
succeed sending msg to the server!
[Sat Aug 28 17:21:08 2021]
succeed sending msg to the server!
[Sat Aug 28 17:21:09 2021]
succeed sending msg to the server!
[Sat Aug 28 17:21:11 2021]
succeed sending msg to the server!
[Sat Aug 28 17:21:13 2021]
succeed sending msg to the server!
[Sat Aug 28 17:21:15 2021]
succeed sending msg to the server!
[Sat Aug 28 17:21:16 2021]
succeed sending msg to the server!
[Sat Aug[Sat Aug 28 17:19:20 2021]
<1th> running test script
[Sat Aug 28 17:19:20 2021]
<1th> script running finished
[Sat Aug 28 17:19:23 2021]
<2th> running test script
[Sat Aug 28 17:19:24 2021]
<2th> script running finished
[Sat Aug 28 17:19:27 2021]
<3th> running test script
[Sat Aug 28 17:19:27 2021]
<3th> script running finished
[Sat Aug 28 17:19:30 2021]
<4th> running test script
[Sat Aug 28 17:19:31 2021]
<4th> script running finished
[Sat Aug 28 17:19:34 2021]
<5th> running test script
[Sat Aug 28 17:19:35 2021]
<5th> script running finished
[Sat Aug 28 17:19:38 2021]
<6th> running test script
[Sat Aug 28 17:19:38 2021]
<6th> script running finished
[Sat Aug 28 17:19:41 2021]
<7th> running test script
[Sat Aug 28 17:19:42 2021]
<7th> script running finished
[Sat Aug 28 17:19:45 2021]
<8th> running test script
[Sat Aug 28 17:19:45 2021]
<8th> script running finished
[Sat Aug 28 17:19:48 2021]
<9th> running test script
[Sat Aug 28 17:19:49 2021]
<9th> script running finished
[Sat Aug 28 17:19:52 2021]
<10th> running test script
[Sat Aug 28 17:19:52 2021]
<10th> script running finished
[Sat Aug 28 17:19:55 2021]
<11th> running test script
[Sat Aug 28 17:19:56 2021]
<11th> script running finished
[Sat Aug 28 17:19:59 2021]
<12th> running test script
[Sat Aug 28 17:20:00 2021]
<12th> script running finished
[Sat Aug 28 17:20:03 2021]
<13th> running test script
[Sat Aug 28 17:20:03 2021]
<13th> script running finished
[Sat Aug 28 17:20:06 2021]
<14th> running test script
[Sat Aug 28 17:20:07 2021]
<14th> script running finished
[Sat Aug 28 17:20:10 2021]
<15th> running test script
[Sat Aug 28 17:20:10 2021]
<15th> script running finished
[Sat Aug 28 17:20:13 2021]
<16th> running test script
[Sat Aug 28 17:20:14 2021]
<16th> script running finished
[Sat Aug 28 17:20:17 2021]
<17th> running test script
[Sat Aug 28 17:20:18 2021]
<17th> script running finished
[Sat Aug 28 17:20:21 2021]
<18th> running test script
[Sat Aug 28 17:20:21 2021]
<18th> script running finished
[Sat Aug 28 17:20:24 2021]
<19th> running test script
[Sat Aug 28 17:20:25 2021]
<19th> script running finished
[Sat Aug 28 17:20:28 2021]
<20th> running test script
[Sat Aug 28 17:20:28 2021]
<20th> script running finished
[Sat Aug 28 17:20:31 2021]
<21th> running test script
[Sat Aug 28 17:20:32 2021]
<21th> script running finished
[Sat Aug 28 17:20:35 2021]
<22th> running test script
[Sat Aug 28 17:20:35 2021]
<22th> script running finished
[Sat Aug 28 17:20:38 2021]
<23th> running test script
[Sat Aug 28 17:20:39 2021]
<23th> script running finished
[Sat Aug 28 17:20:42 2021]
<24th> running test script
[Sat Aug 28 17:20:43 2021]
<24th> script running finished
[Sat Aug 28 17:20:46 2021]
<25th> running test script
[Sat Aug 28 17:20:46 2021]
<25th> script running finished
[Sat Aug 28 17:20:49 2021]
<26th> running test script
[Sat Aug 28 17:20:50 2021]
<26th> script running finished
[Sat Aug 28 17:20:53 2021]
<27th> running test script
[Sat Aug 28 17:20:53 2021]
<27th> script running finished
[Sat Aug 28 17:20:56 2021]
<28th> running test script
[Sat Aug 28 17:20:57 2021]
<28th> script running finished
[Sat Aug 28 17:21:00 2021]
<29th> running test script
[Sat Aug 28 17:21:01 2021]
<29th> script running finished
[Sat Aug 28 17:21:04 2021]
<30th> running test script
[Sat Aug 28 17:21:04 2021]
<30th> script running finished
[Sat Aug 28 17:21:07 2021]
<31th> running test script
[Sat Aug 28 17:21:08 2021]
<31th> script running finished
[Sat Aug 28 17:21:11 2021]
<32th> running test script
[Sat Aug 28 17:21:11 2021]
<32th> script running finished
[Sat Aug 28 17:21:14 2021]
<33th> running test script
[Sat Aug 28 17:21:15 2021]
<33th> script running finished
[Sat Aug 28 17:21:18 2021]
<34th> running test script
[Sat Aug 28 17:21:18 2021]
<34th> script running finished
[Sat Aug 28 17:21:21 2021]
<35th> running test script
[Sat Aug 28 17:21:22 2021]
<35th> script running finished
[Sat Aug 28 17:21:25 2021]
<36th> running test script
[Sat Aug 28 17:21:26 2021]
<36th> script running finished
[Sat Aug 28 17:21:29 2021]
<37th> running test script
[Sat Aug 28 17:21:29 2021]
<37th> script running finished
[Sat Aug 28 17:21:32 2021]
<38th> running test script
[Sat Aug 28 17:21:33 2021]
<38th> script running finished
[Sat Aug 28 17:21:36 2021]
<39th> running test script
[Sat Aug 28 17:21:36 2021]
<39th> script running finished
[Sat Aug 28 17:21:39 2021]
<40th> running test script
[Sat Aug 28 17:21:40 2021]
<40th> script running finished
[Sat Aug 28 17:21:43 2021]
<41th> running test script
[Sat Aug 28 17:21:43 2021]
<41th> script running finished
[Sat Aug 28 17:21:46 2021]
<42th> running test script
[Sat Aug 28 17:21:47 2021]
<42th> script running finished
[Sat Aug 28 17:28:22 2021]
<43th> running test script
[Sat Aug 28 17:28:23 2021]
<43th> script running finished
[Sat Aug 28 17:28:26 2021]
<44th> running test script
[Sat Aug 28 17:28:26 2021]
<44th> script running finished
[Sat Aug 28 17:28:29 2021]
<45th> running test script
[Sat Aug 28 17:28:30 2021]
<45th> script running finished
[Sat Aug 28 17:28:33 2021]
<46th> running test script
[Sat Aug 28 17:28:33 2021]
<46th> script running finished
[Sat Aug 28 17:28:36 2021]
<47th> running test script
[Sat Aug 28 17:28:37 2021]
<47th> script running finished
[Sat Aug 28 17:28:40 2021]
<48th> running test script
[Sat Aug 28 17:28:40 2021]
<48th> script running finished
[Sat Aug 28 17:28:43 2021]
<49th> running test script
[Sat Aug 28 17:28:44 2021]
<49th> script running finished
[Sat Aug 28 17:28:47 2021]
<50th> running test script
[Sat Aug 28 17:28:48 2021]
<50th> script running finished
[Sat Aug 28 17:28:51 2021]
<51th> running test script
[Sat Aug 28 17:28:51 2021]
<51th> script running finished
[Sat Aug 28 17:28:54 2021]
<52th> running test script
[Sat Aug 28 17:28:55 2021]
<52th> script running finished
[Sat Aug 28 17:28:58 2021]
<53th> running test script
[Sat Aug 28 17:28:58 2021]
<53th> script running finished
[Sat Aug 28 17:29:01 2021]
<54th> running test script
[Sat Aug 28 17:29:02 2021]
<54th> script running finished
[Sat Aug 28 17:29:05 2021]
<55th> running test script
[Sat Aug 28 17:29:06 2021]
<55th> script running finished
[Sat Aug 28 17:29:09 2021]
<56th> running test script
[Sat Aug 28 17:29:09 2021]
<56th> script running finished
[Sat Aug 28 17:29:12 2021]
<57th> running test script
[Sat Aug 28 17:29:13 2021]
<57th> script running finished
[Sat Aug 28 17:29:16 2021]
<58th> running test script
[Sat Aug 28 17:29:16 2021]
<58th> script running finished
[Sat Aug 28 17:29:19 2021]
<59th> running test script
[Sat Aug 28 17:29:20 2021]
<59th> script running finished
[Sat Aug 28 17:29:23 2021]
<60th> running test script
[Sat Aug 28 17:29:24 2021]
<60th> script running finished
[Sat Aug 28 17:29:27 2021]
<61th> running test script
[Sat Aug 28 17:29:27 2021]
<61th> script running finished
[Sat Aug 28 17:29:30 2021]
<62th> running test script
[Sat Aug 28 17:29:31 2021]
<62th> script running finished
[Sat Aug 28 17:29:34 2021]
<63th> running test script
[Sat Aug 28 17:29:34 2021]
<63th> script running finished
[Sat Aug 28 17:29:37 2021]
<64th> running test script
[Sat Aug 28 17:29:38 2021]
<64th> script running finished
[Sat Aug 28 17:29:41 2021]
<65th> running test script
[Sat Aug 28 17:29:41 2021]
<65th> script running finished
[Sat Aug 28 17:29:44 2021]
<66th> running test script
[Sat Aug 28 17:29:45 2021]
<66th> script running finished
[Sat Aug 28 17:29:48 2021]
<67th> running test script
[Sat Aug 28 17:29:49 2021]
<67th> script running finished
[Sat Aug 28 17:29:52 2021]
<68th> running test script
[Sat Aug 28 17:29:52 2021]
<68th> script running finished
[Sat Aug 28 17:29:55 2021]
<69th> running test script
[Sat Aug 28 17:29:56 2021]
<69th> script running finished
[Sat Aug 28 17:29:59 2021]
<70th> running test script
[Sat Aug 28 17:29:59 2021]
<70th> script running finished
[Sat Aug 28 17:30:02 2021]
<71th> running test script
[Sat Aug 28 17:30:03 2021]
<71th> script running finished
[Sat Aug 28 17:30:06 2021]
<72th> running test script
[Sat Aug 28 17:30:07 2021]
<72th> script running finished
[Sat Aug 28 17:30:10 2021]
<73th> running test script
[Sat Aug 28 17:30:10 2021]
<73th> script running finished
[Sat Aug 28 17:30:13 2021]
<74th> running test script
[Sat Aug 28 17:30:14 2021]
<74th> script running finished
[Sat Aug 28 17:31:45 2021]
<75th> running test script
[Sat Aug 28 17:31:46 2021]
<75th> script running finished
[Sat Aug 28 17:31:49 2021]
<76th> running test script
[Sat Aug 28 17:31:49 2021]
<76th> script running finished
[Sat Aug 28 17:31:52 2021]
<77th> running test script
[Sat Aug 28 17:31:53 2021]
<77th> script running finished
[Sat Aug 28 17:31:56 2021]
<78th> running test script
[Sat Aug 28 17:31:57 2021]
<78th> script running finished
[Sat Aug 28 17:32:00 2021]
<79th> running test script
[Sat Aug 28 17:32:00 2021]
<79th> script running finished
[Sat Aug 28 17:32:03 2021]
<80th> running test script
[Sat Aug 28 17:32:04 2021]
<80th> script running finished
[Sat Aug 28 17:32:07 2021]
<81th> running test script
[Sat Aug 28 17:32:07 2021]
<81th> script running finished
[Sat Aug 28 17:32:10 2021]
<82th> running test script
[Sat Aug 28 17:32:11 2021]
<82th> script running finished
[Sat Aug 28 17:32:24 2021]
<83th> running test script
[Sat Aug 28 17:32:25 2021]
<83th> script running finished
[Sat Aug 28 17:32:28 2021]
<84th> running test script
[Sat Aug 28 17:32:28 2021]
<84th> script running finished
[Sat Aug 28 17:32:31 2021]
<85th> running test script
[Sat Aug 28 17:32:32 2021]
<85th> script running finished
[Sat Aug 28 17:32:35 2021]
<86th> running test script
[Sat Aug 28 17:32:35 2021]
<86th> script running finished
[Sat Aug 28 17:32:38 2021]
<87th> running test script
[Sat Aug 28 17:32:39 2021]
<87th> script running finished
[Sat Aug 28 17:32:42 2021]
<88th> running test script
[Sat Aug 28 17:32:43 2021]
<88th> script running finished
[Sat Aug 28 17:32:46 2021]
<89th> running test script
[Sat Aug 28 17:32:46 2021]
<89th> script running finished
[Sat Aug 28 17:32:49 2021]
<90th> running test script
[Sat Aug 28 17:32:50 2021]
<90th> script running finished
[Sat Aug 28 17:32:53 2021]
<91th> running test script
[Sat Aug 28 17:32:53 2021]
<91th> script running finished
[Sat Aug 28 17:32:56 2021]
<92th> running test script
[Sat Aug 28 17:32:57 2021]
<92th> script running finished
[Sat Aug 28 17:33:00 2021]
<93th> running test script
[Sat Aug 28 17:33:01 2021]
<93th> script running finished
[Sat Aug 28 17:33:04 2021]
<94th> running test script
[Sat Aug 28 17:33:04 2021]
<94th> script running finished
[Sat Aug 28 17:33:07 2021]
<95th> running test script
[Sat Aug 28 17:33:08 2021]
<95th> script running finished
[Sat Aug 28 17:33:11 2021]
<96th> running test script
[Sat Aug 28 17:33:11 2021]
<96th> script running finished
[Sat Aug 28 17:33:14 2021]
<97th> running test script
[Sat Aug 28 17:33:15 2021]
<97th> script running finished
[Sat Aug 28 17:33:18 2021]
<98th> running test script
[Sat Aug 28 17:33:18 2021]
<98th> script running finished
[Sat Aug 28 17:33:21 2021]
<99th> running test script
[Sat Aug 28 17:33:22 2021]
<99th> script running finished
[Sat Aug 28 17:33:25 2021]
<100th> running test script
[Sat Aug 28 17:33:26 2021]
<100th> script running finished
[Sat Aug 28 17:33:29 2021]
<101th> running test script
[Sat Aug 28 17:33:29 2021]
<101th> script running finished
[Sat Aug 28 17:33:32 2021]
<102th> running test script
[Sat Aug 28 17:33:33 2021]
<102th> script running finished
[Sat Aug 28 17:33:36 2021]
<103th> running test script
[Sat Aug 28 17:33:36 2021]
<103th> script running finished
[Sat Aug 28 17:33:39 2021]
<104th> running test script
[Sat Aug 28 17:33:40 2021]
<104th> script running finished
[Sat Aug 28 17:33:43 2021]
<105th> running test script
[Sat Aug 28 17:33:43 2021]
<105th> script running finished
[Sat Aug 28 17:33:47 2021]
<106th> running test script
[Sat Aug 28 17:33:47 2021]
<106th> script running finished
[Sat Aug 28 17:33:50 2021]
<107th> running test script
[Sat Aug 28 17:33:51 2021]
<107th> script running finished
[Sat Aug 28 17:33:54 2021]
<108th> running test script
[Sat Aug 28 17:33:54 2021]
<108th> script running finished
[Sat Aug 28 17:33:57 2021]
<109th> running test script
[Sat Aug 28 17:33:58 2021]
<109th> script running finished
[Sat Aug 28 17:34:01 2021]
<110th> running test script
[Sat Aug 28 17:34:01 2021]
<110th> script running finished
[Sat Aug 28 17:34:04 2021]
<111th> running test script
[Sat Aug 28 17:34:05 2021]
<111th> script running finished
[Sat Aug 28 17:34:08 2021]
<112th> running test script
[Sat Aug 28 17:34:09 2021]
<112th> script running finished
[Sat Aug 28 17:34:12 2021]
<113th> running test script
[Sat Aug 28 17:34:12 2021]
<113th> script running finished
[Sat Aug 28 17:34:15 2021]
<114th> running test script
[Sat Aug 28 17:34:16 2021]
<114th> script running finished
[Sat Aug 28 17:34:19 2021]
<115th> running test script
[Sat Aug 28 17:34:19 2021]
<115th> script running finished
[Sat Aug 28 17:34:22 2021]
<116th> running test script
[Sat Aug 28 17:34:23 2021]
<116th> script running finished
[Sat Aug 28 17:34:26 2021]
<117th> running test script
[Sat Aug 28 17:34:27 2021]
<117th> script running finished
